<?xml version="1.0" encoding="UTF-8"?>
<!-- Generated by org.testng.reporters.JUnitReportReporter -->
<testsuite skipped="0" hostname="DESKTOP-CIG5KTI" name="com.crm.qa.testcases.LoginPageTest" tests="3" failures="0" timestamp="18 Feb 2019 04:53:22 GMT" time="23.075" errors="0">
  <testcase name="loginPageTitleTest" time="7.262" classname="com.crm.qa.testcases.LoginPageTest"/>
  <testcase name="crmLogoImageTest" time="5.484" classname="com.crm.qa.testcases.LoginPageTest"/>
  <testcase name="LoginToCRMTest" time="10.329" classname="com.crm.qa.testcases.LoginPageTest"/>
</testsuite> <!-- com.crm.qa.testcases.LoginPageTest -->
