<?xml version="1.0" encoding="UTF-8"?>
<!-- Generated by org.testng.reporters.JUnitReportReporter -->
<testsuite skipped="0" hostname="DESKTOP-CIG5KTI" name="com.crm.qa.testcases.HomePageTest" tests="3" failures="0" timestamp="18 Feb 2019 04:53:22 GMT" time="36.007" errors="0">
  <testcase name="verifyHomePageTitleTest" time="11.477" classname="com.crm.qa.testcases.HomePageTest"/>
  <testcase name="verifyValidUserNameTest" time="11.735" classname="com.crm.qa.testcases.HomePageTest"/>
  <testcase name="verifyContactLinkTest" time="12.795" classname="com.crm.qa.testcases.HomePageTest"/>
</testsuite> <!-- com.crm.qa.testcases.HomePageTest -->
