<?xml version="1.0" encoding="UTF-8"?>
<!-- Generated by org.testng.reporters.JUnitReportReporter -->
<testsuite skipped="0" hostname="DESKTOP-CIG5KTI" name="com.crm.qa.testcases.LoginPageTest" tests="1" failures="0" timestamp="18 Feb 2019 02:23:20 GMT" time="4.731" errors="0">
  <testcase name="loginPageTitleTest" time="4.731" classname="com.crm.qa.testcases.LoginPageTest"/>
</testsuite> <!-- com.crm.qa.testcases.LoginPageTest -->
