<?xml version="1.0" encoding="UTF-8"?>
<!-- Generated by org.testng.reporters.JUnitReportReporter -->
<testsuite skipped="0" hostname="DESKTOP-CIG5KTI" name="com.crm.qa.testcases.HomePageTest" tests="1" failures="0" timestamp="18 Feb 2019 02:23:20 GMT" time="9.414" errors="0">
  <testcase name="verifyHomePageTitleTest" time="9.414" classname="com.crm.qa.testcases.HomePageTest"/>
</testsuite> <!-- com.crm.qa.testcases.HomePageTest -->
